Variational Monte Carlo Run
!-!-!-!-!-!-!-!-!-!-!-!-!-!-!-!-!-!-!-!-!-!-!-!-!-!
MPI parameters:
Number of boss cpus =                           1
Number of worker cpus for each boss =           0
Total number of cpus =                          1
Simulation parameters:
random number seed =                           17
hbar^2/2m =                              20.73554
start from sites =                              T
nwalk =                                        80
equilibration blocks =                          1
averaging blocks =                              1
nsteps/blocks =                                 1
time step =                          0.0003000000
time step rotations (vmc) =          0.0500000000
trial energy =                          -14.00000
drift cutoff =                            0.00000
drastic population control up =           1.10000
drastic population control down =         0.90000
rebalance if walkers fluctuate more than      1.00 %
weight cut off =                         20.00000
table size =                                 8000
!-!-!-!-!-!-!-!-!-!-!-!-!-!-!-!-!-!-!-!-!-!-!-!-!-!
System parameters:
potential  =                           argonne v6'         
multiply central v by =                   1.00000
multiply tau v by =                       1.00000
multiply sigma v by =                     1.00000
multiply sigma tau v by =                 1.00000
multiply tensor v by =                    1.00000
multiply tensor tau v by =                1.00000
multiply spin-orbit v by =                0.00000
multiply spin-orbit tau v by =            0.00000
ibox = (0 is nearest image)                     1
!-!-!-!-!-!-!-!-!-!-!-!-!-!-!-!-!-!-!-!-!-!-!-!-!-!
density =                                 0.16000
L/2 =                                     2.79672
k_F =                                     1.33302
E_FG =                                   22.10755
npart =                                        28
proton up =                                     7
k values =                            0    0    0
                                      1    0    0
                                     -1    0    0
                                      0    1    0
                                      0   -1    0
                                      0    0    1
                                      0    0   -1
proton down =                                   7
k values =                            0    0    0
                                      1    0    0
                                     -1    0    0
                                      0    1    0
                                      0   -1    0
                                      0    0    1
                                      0    0   -1
neutron up =                                    7
k values =                            0    0    0
                                      1    0    0
                                     -1    0    0
                                      0    1    0
                                      0   -1    0
                                      0    0    1
                                      0    0   -1
neutron down =                                  7
k values =                            0    0    0
                                      1    0    0
                                     -1    0    0
                                      0    1    0
                                      0   -1    0
                                      0    0    1
                                      0    0   -1
a constant in psig =                    0.00000E+00
rcut in pair sampling =                   1.00000
acut in pair sampling =                   5.00000
calculating LS =                                F
energy of uncorrelated state =           22.42692
self image energy =                                 0.0664779915
jastrow healing distance dc =             1.84000
jastrow healing distance dtn =            2.79000
jastrow rho =                             0.16000
potential quencher acn (v1)=              1.23000
potential quencher at  (v2)=             -0.31000
potential quencher as  (v3)=             -4.47000
potential quencher ast (v4)=              1.20000
potential quencher atn (v5)=              0.21000
potential quencher atn (v6)=              0.28000
potential quencher als (v7 v8)=           1.00000
correlation quencher bt (f2)=            -0.48000
correlation quencher bst (f4)=            1.39000
correlation quencher btn (f6)=            2.21000
!-!-!-!-!-!-!-!-!-!-!-!-!-!-!-!-!-!-!-!-!-!-!-!-!-!

    wave equations solved in t,s projected channels
    fine grid has  8000 points in dt

    lambda
    1s      1p    3p(c)   3s(c)   3p(t)   3s(t)   3p(b)   3s(b)
  38.260  63.067 -12.593 -34.552   0.510  -1.929  -0.000  -0.000
jastrow initialized
Initial walkers from sites
Configurations at tau =              0.0000000000
!-!-!-!-!-!-!-!-!-!-!-!-!-!-!-!-!-!-!-!-!-!-!-!-!-!
Time for reading configurations (sec.) =       0.00
!-!-!-!-!-!-!-!-!-!-!-!-!-!-!-!-!-!-!-!-!-!-!-!-!-!
Initial configurations:
total energy                   0.00000000E+00  -6.0370910885E+00 +-    3.0085448983E+00   
v cent                         0.00000000E+00  -1.5597366256E+01 +-    3.2646808476E-08   
v tau                          0.00000000E+00   6.0856030029E-02 +-    2.1315563507E-02   
v sigma                        0.00000000E+00  -1.1945002577E-01 +-    8.5517214904E-02   
v sigtau                       0.00000000E+00  -4.1791445140E+00 +-    2.5087338757E-01   
v tensor                       0.00000000E+00  -8.9782060928E-02 +-    1.1217623275E-01   
v tenstau                      0.00000000E+00  -1.0348298490E+01 +-    2.8595762622E+00   
v ls                           0.00000000E+00   0.0000000000E+00 +-    0.0000000000E+00   
vls tau                        0.00000000E+00   0.0000000000E+00 +-    0.0000000000E+00   
!-!-!-!-!-!-!-!-!-!-!-!-!-!-!-!-!-!-!-!-!-!-!-!-!-!
Psi**2 of initial configurations  =   0.2655368E+07  0.0000000E+00  +-    0.8067884E+06  0.0000000E+00
Psig**2 of initial configurations =   0.2655368E+07  0.0000000E+00  +-    0.8067884E+06  0.0000000E+00
!-!-!-!-!-!-!-!-!-!-!-!-!-!-!-!-!-!-!-!-!-!-!-!-!-!
!-!-!-!-!-!-!-!-!-!-!-!-!-!-!-!-!-!-!-!-!-!-!-!-!-!
Time to process initial configurations (sec.) =      22.63
!-!-!-!-!-!-!-!-!-!-!-!-!-!-!-!-!-!-!-!-!-!-!-!-!-!

iteration =                               1
walker number =                          80
total energy                   0.00000000E+00  -5.1067201994E+00 +-    2.0605662814E+00   
kinetic energy                 0.00000000E+00   2.4458802669E+01 +-    4.1309326159E-01   
potential energy               0.00000000E+00  -2.9565522868E+01 +-    2.0217947149E+00   
im energy                      0.00000000E+00   2.2488851032E-01 +-    1.9193036561E+00   
imkin energy                   0.00000000E+00   8.3390426318E-02 +-    3.7624347390E-01   
impot energy                   0.00000000E+00   1.4149808400E-01 +-    1.8016785340E+00   
v cent                         0.00000000E+00  -1.5831827787E+01 +-    2.6617194692E-02   
v tau                          0.00000000E+00   9.3161170866E-02 +-    1.1581052086E-02   
v sigma                        0.00000000E+00  -3.5746728219E-01 +-    4.8923386753E-02   
v sigtau                       0.00000000E+00  -4.0452274321E+00 +-    1.6970372167E-01   
v tensor                       0.00000000E+00   3.6768153251E-02 +-    9.5927836331E-02   
v tenstau                      0.00000000E+00  -9.4609296908E+00 +-    2.0191879697E+00   
v ls                           0.00000000E+00   0.0000000000E+00 +-    0.0000000000E+00   
vls tau                        0.00000000E+00   0.0000000000E+00 +-    0.0000000000E+00   
ene v6                         0.00000000E+00  -5.1067201994E+00 +-    2.0605662814E+00   
v coulomb                      0.00000000E+00   0.0000000000E+00 +-    0.0000000000E+00   
radius                         0.00000000E+00   2.6994830534E+00 +-    2.0757239484E-03   
jackson-feenberg energy        0.00000000E+00   8.0146155145E+00 +-    3.6470208643E+00   
acceptance                     0.00000000E+00   6.2500000000E-01 +-    5.4126587737E-02   
acceptance-spin                0.00000000E+00   7.1250000000E-01 +-    5.0601846557E-02   
Time for propagation (sec) (min) =           0.195      0.003
Time for energies (sec) (min) =             23.477      0.391
Time for load balancing (sec) (min) =        0.000      0.000
Time for block (sec) (min) =                23.672      0.395
Time for operators (sec) (min) =             0.001      0.000
Elapsed block time (sec) (min) =            23.673      0.395

equilibration done

iteration =                               1
walker number =                          80
total energy                   0.00000000E+00  -4.2027250298E+00 +-    2.1973916708E+00   
kinetic energy                 0.00000000E+00   2.5477493258E+01 +-    4.9676250482E-01   
potential energy               0.00000000E+00  -2.9680218287E+01 +-    2.1254227046E+00   
im energy                      0.00000000E+00   1.2816190921E-01 +-    1.7063213989E+00   
imkin energy                   0.00000000E+00  -2.6890439098E-01 +-    4.3808429485E-01   
impot energy                   0.00000000E+00   3.9706630019E-01 +-    1.7291443046E+00   
v cent                         0.00000000E+00  -1.6078651109E+01 +-    3.6147080815E-02   
v tau                          0.00000000E+00   1.0683523633E-01 +-    1.0107536001E-02   
v sigma                        0.00000000E+00  -4.5636662977E-01 +-    6.9838012287E-02   
v sigtau                       0.00000000E+00  -4.3851255608E+00 +-    1.8822553753E-01   
v tensor                       0.00000000E+00  -1.2748129382E-02 +-    1.4602357477E-01   
v tenstau                      0.00000000E+00  -8.8541620946E+00 +-    2.0956914630E+00   
v ls                           0.00000000E+00   0.0000000000E+00 +-    0.0000000000E+00   
vls tau                        0.00000000E+00   0.0000000000E+00 +-    0.0000000000E+00   
ene v6                         0.00000000E+00  -4.2027250298E+00 +-    2.1973916708E+00   
v coulomb                      0.00000000E+00   0.0000000000E+00 +-    0.0000000000E+00   
radius                         0.00000000E+00   2.7054103785E+00 +-    2.9067664403E-03   
jackson-feenberg energy        0.00000000E+00   7.7963259340E+00 +-    3.6959850101E+00   
acceptance                     0.00000000E+00   7.1250000000E-01 +-    5.0601846557E-02   
acceptance-spin                0.00000000E+00   7.0000000000E-01 +-    5.1234753830E-02   
Time for propagation (sec) (min) =           0.196      0.003
Time for energies (sec) (min) =             23.728      0.395
Time for load balancing (sec) (min) =        0.000      0.000
Time for block (sec) (min) =                23.924      0.399
Time for operators (sec) (min) =             0.001      0.000
Elapsed block time (sec) (min) =            47.598      0.793

Time for steps =    47.598 seconds,      0.793 minutes
Total job time =    70.24600220 seconds,      1.17076670 minutes,      0.01951278hours
Total cpu-time =     1.17076670 minutes,      0.01951278 hours
Number of cpus =         1
 Total time=    70.2009964     seconds
 Finished!
