Variational Monte Carlo Run
!-!-!-!-!-!-!-!-!-!-!-!-!-!-!-!-!-!-!-!-!-!-!-!-!-!
MPI parameters:
Number of boss cpus =                           1
Number of worker cpus for each boss =           0
Total number of cpus =                          1
Simulation parameters:
random number seed =                           17
hbar^2/2m =                              20.73554
start from sites =                              T
nwalk =                                        80
equilibration blocks =                          1
averaging blocks =                              1
nsteps/blocks =                                 1
time step =                          0.0003000000
time step rotations (vmc) =          0.0500000000
trial energy =                          -14.00000
drift cutoff =                            0.00000
drastic population control up =           1.10000
drastic population control down =         0.90000
rebalance if walkers fluctuate more than      1.00 %
weight cut off =                         20.00000
table size =                                 8000
!-!-!-!-!-!-!-!-!-!-!-!-!-!-!-!-!-!-!-!-!-!-!-!-!-!
System parameters:
potential  =                           argonne v6'         
multiply central v by =                   1.00000
multiply tau v by =                       1.00000
multiply sigma v by =                     1.00000
multiply sigma tau v by =                 1.00000
multiply tensor v by =                    1.00000
multiply tensor tau v by =                1.00000
multiply spin-orbit v by =                0.00000
multiply spin-orbit tau v by =            0.00000
ibox = (0 is nearest image)                     1
!-!-!-!-!-!-!-!-!-!-!-!-!-!-!-!-!-!-!-!-!-!-!-!-!-!
density =                                 0.16000
L/2 =                                     2.79672
k_F =                                     1.33302
E_FG =                                   22.10755
npart =                                        28
proton up =                                     7
k values =                            0    0    0
                                      1    0    0
                                     -1    0    0
                                      0    1    0
                                      0   -1    0
                                      0    0    1
                                      0    0   -1
proton down =                                   7
k values =                            0    0    0
                                      1    0    0
                                     -1    0    0
                                      0    1    0
                                      0   -1    0
                                      0    0    1
                                      0    0   -1
neutron up =                                    7
k values =                            0    0    0
                                      1    0    0
                                     -1    0    0
                                      0    1    0
                                      0   -1    0
                                      0    0    1
                                      0    0   -1
neutron down =                                  7
k values =                            0    0    0
                                      1    0    0
                                     -1    0    0
                                      0    1    0
                                      0   -1    0
                                      0    0    1
                                      0    0   -1
a constant in psig =                    0.00000E+00
rcut in pair sampling =                   1.00000
acut in pair sampling =                   5.00000
calculating LS =                                F
energy of uncorrelated state =           22.42692
self image energy =                                 0.0664779915
jastrow healing distance dc =             1.84000
jastrow healing distance dtn =            2.79000
jastrow rho =                             0.16000
potential quencher acn (v1)=              1.23000
potential quencher at  (v2)=             -0.31000
potential quencher as  (v3)=             -4.47000
potential quencher ast (v4)=              1.20000
potential quencher atn (v5)=              0.21000
potential quencher atn (v6)=              0.28000
potential quencher als (v7 v8)=           1.00000
correlation quencher bt (f2)=            -0.48000
correlation quencher bst (f4)=            1.39000
correlation quencher btn (f6)=            2.21000
!-!-!-!-!-!-!-!-!-!-!-!-!-!-!-!-!-!-!-!-!-!-!-!-!-!

    wave equations solved in t,s projected channels
    fine grid has  8000 points in dt

    lambda
    1s      1p    3p(c)   3s(c)   3p(t)   3s(t)   3p(b)   3s(b)
  38.260  63.067 -12.593 -34.552   0.510  -1.929  -0.000  -0.000
jastrow initialized
Initial walkers from sites
Configurations at tau =              0.0000000000
!-!-!-!-!-!-!-!-!-!-!-!-!-!-!-!-!-!-!-!-!-!-!-!-!-!
Time for reading configurations (sec.) =       0.00
!-!-!-!-!-!-!-!-!-!-!-!-!-!-!-!-!-!-!-!-!-!-!-!-!-!
Initial configurations:
total energy                   0.00000000E+00                NaN +-                 NaN   
v cent                         0.00000000E+00  -1.5597366256E+01 +-    3.2646808476E-08   
v tau                          0.00000000E+00   0.0000000000E+00 +-    0.0000000000E+00   
v sigma                        0.00000000E+00   0.0000000000E+00 +-    0.0000000000E+00   
v sigtau                       0.00000000E+00   0.0000000000E+00 +-    0.0000000000E+00   
v tensor                       0.00000000E+00   0.0000000000E+00 +-    0.0000000000E+00   
v tenstau                      0.00000000E+00   0.0000000000E+00 +-    0.0000000000E+00   
v ls                           0.00000000E+00   0.0000000000E+00 +-    0.0000000000E+00   
vls tau                        0.00000000E+00   0.0000000000E+00 +-    0.0000000000E+00   
!-!-!-!-!-!-!-!-!-!-!-!-!-!-!-!-!-!-!-!-!-!-!-!-!-!
Psi**2 of initial configurations  =   0.2655368E+07  0.0000000E+00  +-    0.8067884E+06  0.0000000E+00
Psig**2 of initial configurations =   0.2655368E+07  0.0000000E+00  +-    0.8067884E+06  0.0000000E+00
!-!-!-!-!-!-!-!-!-!-!-!-!-!-!-!-!-!-!-!-!-!-!-!-!-!
!-!-!-!-!-!-!-!-!-!-!-!-!-!-!-!-!-!-!-!-!-!-!-!-!-!
Time to process initial configurations (sec.) =      15.60
!-!-!-!-!-!-!-!-!-!-!-!-!-!-!-!-!-!-!-!-!-!-!-!-!-!

iteration =                               1
walker number =                          80
total energy                   0.00000000E+00                NaN +-                 NaN   
kinetic energy                 0.00000000E+00                NaN +-                 NaN   
potential energy               0.00000000E+00                NaN +-                 NaN   
im energy                      0.00000000E+00                NaN +-                 NaN   
imkin energy                   0.00000000E+00                NaN +-                 NaN   
impot energy                   0.00000000E+00                NaN +-                 NaN   
v cent                         0.00000000E+00  -1.5831827787E+01 +-    2.6617194692E-02   
v tau                          0.00000000E+00   0.0000000000E+00 +-    0.0000000000E+00   
v sigma                        0.00000000E+00   0.0000000000E+00 +-    0.0000000000E+00   
v sigtau                       0.00000000E+00   0.0000000000E+00 +-    0.0000000000E+00   
v tensor                       0.00000000E+00   0.0000000000E+00 +-    0.0000000000E+00   
v tenstau                      0.00000000E+00   0.0000000000E+00 +-    0.0000000000E+00   
v ls                           0.00000000E+00   0.0000000000E+00 +-    0.0000000000E+00   
vls tau                        0.00000000E+00   0.0000000000E+00 +-    0.0000000000E+00   
ene v6                         0.00000000E+00   8.6269748815E+00 +-    4.0714541643E-01   
v coulomb                      0.00000000E+00   0.0000000000E+00 +-    0.0000000000E+00   
radius                         0.00000000E+00   2.6994830534E+00 +-    2.0757239484E-03   
jackson-feenberg energy        0.00000000E+00                NaN +-                 NaN   
acceptance                     0.00000000E+00   6.2500000000E-01 +-    5.4126587737E-02   
acceptance-spin                0.00000000E+00   7.1250000000E-01 +-    5.0601846557E-02   
Time for propagation (sec) (min) =           0.197      0.003
Time for energies (sec) (min) =             16.102      0.268
Time for load balancing (sec) (min) =        0.000      0.000
Time for block (sec) (min) =                16.299      0.272
Time for operators (sec) (min) =             0.000      0.000
Elapsed block time (sec) (min) =            16.299      0.272

equilibration done

iteration =                               1
walker number =                          80
total energy                   0.00000000E+00                NaN +-                 NaN   
kinetic energy                 0.00000000E+00                NaN +-                 NaN   
potential energy               0.00000000E+00                NaN +-                 NaN   
im energy                      0.00000000E+00                NaN +-                 NaN   
imkin energy                   0.00000000E+00                NaN +-                 NaN   
impot energy                   0.00000000E+00                NaN +-                 NaN   
v cent                         0.00000000E+00  -1.6078651109E+01 +-    3.6147080815E-02   
v tau                          0.00000000E+00   0.0000000000E+00 +-    0.0000000000E+00   
v sigma                        0.00000000E+00   0.0000000000E+00 +-    0.0000000000E+00   
v sigtau                       0.00000000E+00   0.0000000000E+00 +-    0.0000000000E+00   
v tensor                       0.00000000E+00   0.0000000000E+00 +-    0.0000000000E+00   
v tenstau                      0.00000000E+00   0.0000000000E+00 +-    0.0000000000E+00   
v ls                           0.00000000E+00   0.0000000000E+00 +-    0.0000000000E+00   
vls tau                        0.00000000E+00   0.0000000000E+00 +-    0.0000000000E+00   
ene v6                         0.00000000E+00   9.3988421485E+00 +-    4.8847425681E-01   
v coulomb                      0.00000000E+00   0.0000000000E+00 +-    0.0000000000E+00   
radius                         0.00000000E+00   2.7054103785E+00 +-    2.9067664403E-03   
jackson-feenberg energy        0.00000000E+00                NaN +-                 NaN   
acceptance                     0.00000000E+00   7.1250000000E-01 +-    5.0601846557E-02   
acceptance-spin                0.00000000E+00   7.0000000000E-01 +-    5.1234753830E-02   
Time for propagation (sec) (min) =           0.196      0.003
Time for energies (sec) (min) =             16.211      0.270
Time for load balancing (sec) (min) =        0.000      0.000
Time for block (sec) (min) =                16.407      0.273
Time for operators (sec) (min) =             0.000      0.000
Elapsed block time (sec) (min) =            32.706      0.545

Time for steps =    32.706 seconds,      0.545 minutes
Total job time =    48.32699966 seconds,      0.80544999 minutes,      0.01342417hours
Total cpu-time =     0.80544999 minutes,      0.01342417 hours
Number of cpus =         1
 Total time=    48.2900009     seconds
 Finished!
